2020-08-13 16:27:50 Debug: Notice (8): Undefined variable: return in [C:\Users\Default\AppData\xampp\htdocs\mypawnshop\app\controllers\homes_controller.php, line 32]
2020-08-14 08:59:25 Debug: Notice (8): Undefined variable: datas in [C:\Users\Default\AppData\xampp\htdocs\mypawnshop\app\controllers\customer_transactions_controller.php, line 129]
2020-08-14 09:06:45 Debug: Notice (8): Undefined variable: datas in [C:\Users\Default\AppData\xampp\htdocs\mypawnshop\app\controllers\customer_transactions_controller.php, line 129]
2020-08-14 15:29:57 Debug: Notice (8): Undefined variable: pt_number in [C:\Users\Default\AppData\xampp\htdocs\mypawnshop\app\controllers\transaction_interest_payments_controller.php, line 61]
2020-08-14 15:33:45 Debug: Notice (8): Undefined variable: formatOne in [C:\Users\Default\AppData\xampp\htdocs\mypawnshop\app\controllers\cash_books_controller.php, line 477]
2020-08-14 15:35:03 Debug: Notice (8): Undefined variable: formatOne in [C:\Users\Default\AppData\xampp\htdocs\mypawnshop\app\controllers\cash_books_controller.php, line 554]
2020-08-14 15:35:08 Debug: Notice (8): Undefined variable: formatOne in [C:\Users\Default\AppData\xampp\htdocs\mypawnshop\app\controllers\cash_books_controller.php, line 554]
2020-08-14 15:35:16 Debug: Notice (8): Undefined variable: formatOne in [C:\Users\Default\AppData\xampp\htdocs\mypawnshop\app\controllers\cash_books_controller.php, line 554]
2020-08-14 15:36:03 Debug: Notice (8): Undefined variable: formatOne in [C:\Users\Default\AppData\xampp\htdocs\mypawnshop\app\controllers\cash_books_controller.php, line 644]
2020-08-14 15:36:03 Debug: Notice (8): Undefined index: 2020-08-14 in [C:\Users\Default\AppData\xampp\htdocs\mypawnshop\app\controllers\cash_books_controller.php, line 644]
2020-08-14 15:36:03 Debug: Notice (8): Undefined index: book_3 in [C:\Users\Default\AppData\xampp\htdocs\mypawnshop\app\controllers\cash_books_controller.php, line 644]
2020-08-14 15:36:03 Debug: Notice (8): Undefined index: payment in [C:\Users\Default\AppData\xampp\htdocs\mypawnshop\app\controllers\cash_books_controller.php, line 644]
2020-08-14 15:36:03 Debug: Notice (8): Undefined index: receipt in [C:\Users\Default\AppData\xampp\htdocs\mypawnshop\app\controllers\cash_books_controller.php, line 645]
2020-08-14 15:36:03 Debug: Notice (8): Undefined index: expenses in [C:\Users\Default\AppData\xampp\htdocs\mypawnshop\app\controllers\cash_books_controller.php, line 646]
2020-08-14 15:36:03 Debug: Notice (8): Undefined index: expenses in [C:\Users\Default\AppData\xampp\htdocs\mypawnshop\app\controllers\cash_books_controller.php, line 646]
2020-08-14 15:36:03 Debug: Notice (8): Undefined index: cashin in [C:\Users\Default\AppData\xampp\htdocs\mypawnshop\app\controllers\cash_books_controller.php, line 647]
2020-08-14 15:36:03 Debug: Notice (8): Undefined index: cashin in [C:\Users\Default\AppData\xampp\htdocs\mypawnshop\app\controllers\cash_books_controller.php, line 647]
2020-08-14 15:36:03 Debug: Notice (8): Undefined index: cashout in [C:\Users\Default\AppData\xampp\htdocs\mypawnshop\app\controllers\cash_books_controller.php, line 648]
2020-08-14 15:36:03 Debug: Notice (8): Undefined index: cashout in [C:\Users\Default\AppData\xampp\htdocs\mypawnshop\app\controllers\cash_books_controller.php, line 648]
2020-08-14 16:40:43 Debug: Notice (8): Undefined variable: return in [C:\Users\Default\AppData\xampp\htdocs\mypawnshop\app\controllers\homes_controller.php, line 32]
